<?xml version="1.0" encoding="UTF-8"?>
<!-- Generated by org.testng.reporters.JUnitReportReporter -->
<testsuite hostname="DESKTOP-B17C4B1" failures="0" tests="19" name="com.qa.opncart.test.ProductInfoPageTest" time="58.927" errors="1" timestamp="2023-12-06T17:00:04 GMT-06:00" skipped="0">
  <testcase classname="com.qa.opncart.test.ProductInfoPageTest" name="productImagesCountTest" time="1.883"/>
  <testcase classname="com.qa.opncart.test.ProductInfoPageTest" name="productImagesCountTest" time="1.774"/>
  <testcase classname="com.qa.opncart.test.ProductInfoPageTest" name="addToCartTest" time="3.936"/>
  <testcase classname="com.qa.opncart.test.ProductInfoPageTest" name="productDescPresentTest" time="1.903"/>
  <testcase classname="com.qa.opncart.test.ProductInfoPageTest" name="productDescPresentTest" time="1.868"/>
  <testcase classname="com.qa.opncart.test.ProductInfoPageTest" name="productDescPresentTest" time="1.824"/>
  <testcase classname="com.qa.opncart.test.ProductInfoPageTest" name="productDescPresentTest" time="2.123"/>
  <testcase classname="com.qa.opncart.test.ProductInfoPageTest" name="productImagesCountTest" time="1.929"/>
  <testcase classname="com.qa.opncart.test.ProductInfoPageTest" name="addToCartTest" time="3.180"/>
  <testcase classname="com.qa.opncart.test.ProductInfoPageTest" name="addToCartTest" time="15.919">
    <error message="Expected condition failed: waiting for visibility of element located by By.cssSelector: div.alert.alert-success (tried for 10 second(s) with 500 milliseconds interval)
Build info: version: &#039;4.15.0&#039;, revision: &#039;1d14b5521b&#039;
System info: os.name: &#039;Windows 11&#039;, os.arch: &#039;amd64&#039;, os.version: &#039;10.0&#039;, java.version: &#039;17.0.6&#039;
Driver info: org.openqa.selenium.chrome.ChromeDriver
Capabilities {acceptInsecureCerts: false, browserName: chrome, browserVersion: 119.0.6045.124, chrome: {chromedriverVersion: 119.0.6045.105 (38c72552c5e..., userDataDir: C:\Users\sneha\AppData\Loca...}, fedcm:accounts: true, goog:chromeOptions: {debuggerAddress: localhost:56526}, networkConnectionEnabled: false, pageLoadStrategy: normal, platformName: windows, proxy: Proxy(), se:cdp: ws://localhost:56526/devtoo..., se:cdpVersion: 119.0.6045.124, setWindowRect: true, strictFileInteractability: false, timeouts: {implicit: 0, pageLoad: 300000, script: 30000}, unhandledPromptBehavior: dismiss and notify, webauthn:extension:credBlob: true, webauthn:extension:largeBlob: true, webauthn:extension:minPinLength: true, webauthn:extension:prf: true, webauthn:virtualAuthenticators: true}
Session ID: 2248cd09970f97b2c9b50a03de975f04" type="org.openqa.selenium.TimeoutException">
      <![CDATA[org.openqa.selenium.TimeoutException: Expected condition failed: waiting for visibility of element located by By.cssSelector: div.alert.alert-success (tried for 10 second(s) with 500 milliseconds interval)
Build info: version: '4.15.0', revision: '1d14b5521b'
System info: os.name: 'Windows 11', os.arch: 'amd64', os.version: '10.0', java.version: '17.0.6'
Driver info: org.openqa.selenium.chrome.ChromeDriver
Capabilities {acceptInsecureCerts: false, browserName: chrome, browserVersion: 119.0.6045.124, chrome: {chromedriverVersion: 119.0.6045.105 (38c72552c5e..., userDataDir: C:\Users\sneha\AppData\Loca...}, fedcm:accounts: true, goog:chromeOptions: {debuggerAddress: localhost:56526}, networkConnectionEnabled: false, pageLoadStrategy: normal, platformName: windows, proxy: Proxy(), se:cdp: ws://localhost:56526/devtoo..., se:cdpVersion: 119.0.6045.124, setWindowRect: true, strictFileInteractability: false, timeouts: {implicit: 0, pageLoad: 300000, script: 30000}, unhandledPromptBehavior: dismiss and notify, webauthn:extension:credBlob: true, webauthn:extension:largeBlob: true, webauthn:extension:minPinLength: true, webauthn:extension:prf: true, webauthn:virtualAuthenticators: true}
Session ID: 2248cd09970f97b2c9b50a03de975f04
at org.openqa.selenium.support.ui.WebDriverWait.timeoutException(WebDriverWait.java:84)
at org.openqa.selenium.support.ui.FluentWait.until(FluentWait.java:229)
at com.qa.opencart.utils.ElementUtil.waitForElementVisible(ElementUtil.java:203)
at com.qa.opencart.pages.ProductInfoPage.addToCart(ProductInfoPage.java:104)
at com.qa.opncart.test.ProductInfoPageTest.addToCartTest(ProductInfoPageTest.java:80)
at java.base/jdk.internal.reflect.NativeMethodAccessorImpl.invoke0(Native Method)
at java.base/jdk.internal.reflect.NativeMethodAccessorImpl.invoke(NativeMethodAccessorImpl.java:77)
at java.base/jdk.internal.reflect.DelegatingMethodAccessorImpl.invoke(DelegatingMethodAccessorImpl.java:43)
at java.base/java.lang.reflect.Method.invoke(Method.java:568)
at org.testng.internal.invokers.MethodInvocationHelper.invokeMethod(MethodInvocationHelper.java:139)
at org.testng.internal.invokers.TestInvoker.invokeMethod(TestInvoker.java:664)
at org.testng.internal.invokers.TestInvoker.invokeTestMethod(TestInvoker.java:227)
at org.testng.internal.invokers.MethodRunner.runInSequence(MethodRunner.java:50)
at org.testng.internal.invokers.TestInvoker$MethodInvocationAgent.invoke(TestInvoker.java:957)
at org.testng.internal.invokers.TestInvoker.invokeTestMethods(TestInvoker.java:200)
at org.testng.internal.invokers.TestMethodWorker.invokeTestMethods(TestMethodWorker.java:148)
at org.testng.internal.invokers.TestMethodWorker.run(TestMethodWorker.java:128)
at java.base/java.util.ArrayList.forEach(ArrayList.java:1511)
at org.testng.TestRunner.privateRun(TestRunner.java:848)
at org.testng.TestRunner.run(TestRunner.java:621)
at org.testng.SuiteRunner.runTest(SuiteRunner.java:443)
at org.testng.SuiteRunner$SuiteWorker.run(SuiteRunner.java:481)
at org.testng.internal.thread.ThreadUtil.lambda$execute$0(ThreadUtil.java:58)
at java.base/java.util.concurrent.FutureTask.run(FutureTask.java:264)
at java.base/java.util.concurrent.ThreadPoolExecutor.runWorker(ThreadPoolExecutor.java:1136)
at java.base/java.util.concurrent.ThreadPoolExecutor$Worker.run(ThreadPoolExecutor.java:635)
at java.base/java.lang.Thread.run(Thread.java:833)
]]>
    </error>
  </testcase> <!-- addToCartTest -->
  <testcase classname="com.qa.opncart.test.ProductInfoPageTest" name="productDescPresentTest" time="1.920"/>
  <testcase classname="com.qa.opncart.test.ProductInfoPageTest" name="productImagesCountTest" time="2.052"/>
  <testcase classname="com.qa.opncart.test.ProductInfoPageTest" name="productImagesCountTest" time="2.060"/>
  <testcase classname="com.qa.opncart.test.ProductInfoPageTest" name="addToCartTest" time="3.333"/>
  <testcase classname="com.qa.opncart.test.ProductInfoPageTest" name="productDescPresentTest" time="1.897"/>
  <testcase classname="com.qa.opncart.test.ProductInfoPageTest" name="productImagesCountTest" time="2.041"/>
  <testcase classname="com.qa.opncart.test.ProductInfoPageTest" name="addToCartTest" time="3.822"/>
  <testcase classname="com.qa.opncart.test.ProductInfoPageTest" name="productInfoTest" time="2.136"/>
  <testcase classname="com.qa.opncart.test.ProductInfoPageTest" name="addToCartTest" time="3.327"/>
</testsuite> <!-- com.qa.opncart.test.ProductInfoPageTest -->
